<?xml version="1.0" encoding="UTF-8"?>
<testsuite name="JsonDatabaseTest" tests="1" skipped="0" failures="0" errors="0" timestamp="2024-08-27T20:29:54" hostname="DESKTOP-MBQCLAC" time="3.161">
  <properties/>
  <testcase name="start" classname="JsonDatabaseTest" time="3.161"/>
  <system-out><![CDATA[?[1;31m
Start test 1?[0m
Server started!
Client started!
Sent: {"type":"exit"}
Receieved: {"type":"exit"}
Received: {"response":"OK"}
Sent: {"response":"OK"}
?[1;31m
Start test 2?[0m
?[1;31m
Start test 3?[0m
Server started!
Client started!
Sent: {"type":"get","key":"text"}
Receieved: {"type":"get","key":"text"}
Received: {"response":"ERROR","reason":"No such key"}
Sent: {"response":"ERROR","reason":"No such key"}
Client started!
Sent: {"type":"set","key":"text","value":"Hello World!"}
Receieved: {"type":"set","key":"text","value":"Hello World!"}
Received: {"response":"OK"}
Sent: {"response":"OK"}
Client started!
Sent: {"type":"get","key":"text"}
Receieved: {"type":"get","key":"text"}
Received: {"response":"OK","value":"Hello World!"}
Sent: {"response":"OK","value":"Hello World!"}
Client started!
Sent: {"type":"delete","key":"text"}
Receieved: {"type":"delete","key":"text"}
Received: {"response":"OK"}
Sent: {"response":"OK"}
Client started!
Sent: {"type":"delete","key":"text"}
Receieved: {"type":"delete","key":"text"}
Received: {"response":"ERROR","reason":"No such key"}
Sent: {"response":"ERROR","reason":"No such key"}
Client started!
Sent: {"type":"get","key":"text"}
Receieved: {"type":"get","key":"text"}
Sent: {"response":"ERROR","reason":"No such key"}
Received: {"response":"ERROR","reason":"No such key"}
Client started!
Sent: {"type":"set","key":"person","value":{"name":"Elon Musk","car":{"model":"Tesla Roadster","year":"2018"},"rocket":{"name":"Falcon 9","launches":"87"}}}
Receieved: {"type":"set","key":"person","value":{"name":"Elon Musk","car":{"model":"Tesla Roadster","year":"2018"},"rocket":{"name":"Falcon 9","launches":"87"}}}
Received: {"response":"OK"}
Sent: {"response":"OK"}
Client started!
Sent: {"type":"get","key":["person","name"]}
Receieved: {"type":"get","key":["person","name"]}
"Elon Musk"
"Elon Musk"
Received: {"response":"OK","value":"Elon Musk"}
Sent: {"response":"OK","value":"Elon Musk"}
Client started!
Sent: {"type":"set","key":["person","rocket","launches"],"value":"88"}
Receieved: {"type":"set","key":["person","rocket","launches"],"value":"88"}
{"name":"Falcon 9","launches":"87"}
Received: {"response":"OK"}
Sent: {"response":"OK"}
Client started!
Sent: {"type":"get","key":["person"]}
Receieved: {"type":"get","key":["person"]}
{"name":"Elon Musk","car":{"model":"Tesla Roadster","year":"2018"},"rocket":{"name":"Falcon 9","launches":"88"}}
{"name":"Elon Musk","car":{"model":"Tesla Roadster","year":"2018"},"rocket":{"name":"Falcon 9","launches":"88"}}
Received: {"response":"OK","value":{"name":"Elon Musk","car":{"model":"Tesla Roadster","year":"2018"},"rocket":{"name":"Falcon 9","launches":"88"}}}
Sent: {"response":"OK","value":{"name":"Elon Musk","car":{"model":"Tesla Roadster","year":"2018"},"rocket":{"name":"Falcon 9","launches":"88"}}}
Client started!
Sent: {"type":"delete","key":["person","car","year"]}
Receieved: {"type":"delete","key":["person","car","year"]}
{"model":"Tesla Roadster","year":"2018"}
Sent: {"response":"OK"}
Received: {"response":"OK"}
Client started!
Sent: {"type":"get","key":["person"]}
Receieved: {"type":"get","key":["person"]}
{"name":"Elon Musk","car":{"model":"Tesla Roadster"},"rocket":{"name":"Falcon 9","launches":"88"}}
{"name":"Elon Musk","car":{"model":"Tesla Roadster"},"rocket":{"name":"Falcon 9","launches":"88"}}
Received: {"response":"OK","value":{"name":"Elon Musk","car":{"model":"Tesla Roadster"},"rocket":{"name":"Falcon 9","launches":"88"}}}
Sent: {"response":"OK","value":{"name":"Elon Musk","car":{"model":"Tesla Roadster"},"rocket":{"name":"Falcon 9","launches":"88"}}}
Client started!
Sent: {"type":"exit"}
Receieved: {"type":"exit"}
Sent: {"response":"OK"}
Received: {"response":"OK"}
]]></system-out>
  <system-err><![CDATA[]]></system-err>
</testsuite>
